{
  "stats": {
    "suites": 1,
    "tests": 1,
    "passes": 1,
    "pending": 0,
    "failures": 0,
    "start": "2026-08-14T17:02:05.126Z",
    "end": "2026-08-14T17:02:35.373Z",
    "duration": 30247,
    "testsRegistered": 1,
    "passPercent": 100,
    "pendingPercent": 0,
    "other": 0,
    "hasOther": false,
    "skipped": 0,
    "hasSkipped": false
  },
  "results": [
    {
      "uuid": "174c82aa-9e06-4a17-9a0f-8fd9b157877e",
      "title": "",
      "fullFile": "cypress\\e2e\\pre-002_create-claim.cy.ts",
      "file": "cypress\\e2e\\pre-002_create-claim.cy.ts",
      "beforeHooks": [],
      "afterHooks": [],
      "tests": [],
      "suites": [
        {
          "uuid": "a21dd79e-14ec-4c85-8c5e-3321f33c196f",
          "title": "PRE-002: Create Claim",
          "fullFile": "",
          "file": "",
          "beforeHooks": [],
          "afterHooks": [],
          "tests": [
            {
              "title": "creates a Medical Reimbursement claim and submits it",
              "fullTitle": "PRE-002: Create Claim creates a Medical Reimbursement claim and submits it",
              "timedOut": null,
              "duration": 30199,
              "state": "passed",
              "speed": "slow",
              "pass": true,
              "fail": false,
              "pending": false,
              "context": null,
              "code": "claimPage.navigateToSubmitClaim();\nclaimPage.selectEvent('Medical Reimbursement');\nclaimPage.selectCurrency('Canadian Dollar');\nclaimPage.clickCreate();\nclaimPage.addExpense('Accommodation', '2026-08-06', '1250.12');\nclaimPage.clickSubmitClaim();",
              "err": {},
              "uuid": "b25c391c-bcc1-4a06-b3e2-ef43d0a0cd3a",
              "parentUUID": "a21dd79e-14ec-4c85-8c5e-3321f33c196f",
              "isHook": false,
              "skipped": false
            }
          ],
          "suites": [],
          "passes": [
            "b25c391c-bcc1-4a06-b3e2-ef43d0a0cd3a"
          ],
          "failures": [],
          "pending": [],
          "skipped": [],
          "duration": 30199,
          "root": false,
          "rootEmpty": false,
          "_timeout": 2000
        }
      ],
      "passes": [],
      "failures": [],
      "pending": [],
      "skipped": [],
      "duration": 0,
      "root": true,
      "rootEmpty": true,
      "_timeout": 2000
    }
  ],
  "meta": {
    "mocha": {
      "version": "7.2.0"
    },
    "mochawesome": {
      "options": {
        "quiet": false,
        "reportFilename": "mochawesome",
        "saveHtml": true,
        "saveJson": true,
        "consoleReporter": "spec",
        "useInlineDiffs": false,
        "code": true
      },
      "version": "8.0.1"
    },
    "marge": {
      "options": {
        "reportDir": "reports/cypress",
        "overwrite": false,
        "html": true,
        "json": true
      },
      "version": "6.3.2"
    }
  }
}