{
  "stats": {
    "suites": 1,
    "tests": 1,
    "passes": 1,
    "pending": 0,
    "failures": 0,
    "start": "2026-08-14T17:03:16.562Z",
    "end": "2026-08-14T17:03:27.257Z",
    "duration": 10695,
    "testsRegistered": 1,
    "passPercent": 100,
    "pendingPercent": 0,
    "other": 0,
    "hasOther": false,
    "skipped": 0,
    "hasSkipped": false
  },
  "results": [
    {
      "uuid": "812d0a9d-09a7-4001-8303-8ba98865fef7",
      "title": "",
      "fullFile": "cypress\\e2e\\req-006_search-employee.cy.ts",
      "file": "cypress\\e2e\\req-006_search-employee.cy.ts",
      "beforeHooks": [],
      "afterHooks": [],
      "tests": [],
      "suites": [
        {
          "uuid": "7ff0b48c-0ad9-42ef-9e7c-b8e4f1eec832",
          "title": "REQ-006: Search Employee",
          "fullFile": "",
          "file": "",
          "beforeHooks": [],
          "afterHooks": [],
          "tests": [
            {
              "title": "returns results containing the searched employee name",
              "fullTitle": "REQ-006: Search Employee returns results containing the searched employee name",
              "timedOut": null,
              "duration": 10563,
              "state": "passed",
              "speed": "slow",
              "pass": true,
              "fail": false,
              "pending": false,
              "context": null,
              "code": "employeeListPage.searchByName(Cypress.env('NEW_USER_FIRST'));\nemployeeListPage.clickSearch();\nemployeeListPage.getResultRows().should('have.length.greaterThan', 0);\nemployeeListPage.getResultRows().should('contain.text', Cypress.env('NEW_USER_FIRST'));",
              "err": {},
              "uuid": "071d91f8-d30a-4a0f-b7fe-01cf01c5e0a4",
              "parentUUID": "7ff0b48c-0ad9-42ef-9e7c-b8e4f1eec832",
              "isHook": false,
              "skipped": false
            }
          ],
          "suites": [],
          "passes": [
            "071d91f8-d30a-4a0f-b7fe-01cf01c5e0a4"
          ],
          "failures": [],
          "pending": [],
          "skipped": [],
          "duration": 10563,
          "root": false,
          "rootEmpty": false,
          "_timeout": 2000
        }
      ],
      "passes": [],
      "failures": [],
      "pending": [],
      "skipped": [],
      "duration": 0,
      "root": true,
      "rootEmpty": true,
      "_timeout": 2000
    }
  ],
  "meta": {
    "mocha": {
      "version": "7.2.0"
    },
    "mochawesome": {
      "options": {
        "quiet": false,
        "reportFilename": "mochawesome",
        "saveHtml": true,
        "saveJson": true,
        "consoleReporter": "spec",
        "useInlineDiffs": false,
        "code": true
      },
      "version": "8.0.1"
    },
    "marge": {
      "options": {
        "reportDir": "reports/cypress",
        "overwrite": false,
        "html": true,
        "json": true
      },
      "version": "6.3.2"
    }
  }
}