{
  "stats": {
    "suites": 1,
    "tests": 1,
    "passes": 1,
    "pending": 0,
    "failures": 0,
    "start": "2026-08-14T17:01:45.820Z",
    "end": "2026-08-14T17:02:03.685Z",
    "duration": 17865,
    "testsRegistered": 1,
    "passPercent": 100,
    "pendingPercent": 0,
    "other": 0,
    "hasOther": false,
    "skipped": 0,
    "hasSkipped": false
  },
  "results": [
    {
      "uuid": "599e84dd-aaae-4ebf-b4a4-2ae7d35d809c",
      "title": "",
      "fullFile": "cypress\\e2e\\pre-001_add-employee.cy.ts",
      "file": "cypress\\e2e\\pre-001_add-employee.cy.ts",
      "beforeHooks": [],
      "afterHooks": [],
      "tests": [],
      "suites": [
        {
          "uuid": "bf45ee42-e09c-47e9-844e-cfa066d3c1fa",
          "title": "PRE-001: Add Employee",
          "fullFile": "",
          "file": "",
          "beforeHooks": [],
          "afterHooks": [],
          "tests": [
            {
              "title": "adds a new employee with login details and redirects to the personal details page",
              "fullTitle": "PRE-001: Add Employee adds a new employee with login details and redirects to the personal details page",
              "timedOut": null,
              "duration": 17840,
              "state": "passed",
              "speed": "slow",
              "pass": true,
              "fail": false,
              "pending": false,
              "context": null,
              "code": "addEmployeePage.fillFirstName(Cypress.env('NEW_USER_FIRST'));\naddEmployeePage.fillMiddleName(Cypress.env('NEW_USER_MIDDLE'));\naddEmployeePage.fillLastName(Cypress.env('NEW_USER_LAST'));\naddEmployeePage.fillEmployeeId(Cypress.env('NEW_EMP_ID'));\naddEmployeePage.enableLoginDetails();\naddEmployeePage.fillUsername(Cypress.env('NEW_USER_EMAIL'));\naddEmployeePage.fillPassword(Cypress.env('NEW_USER_PASSWORD'));\naddEmployeePage.clickSave();",
              "err": {},
              "uuid": "ffd7c773-f3a0-422d-8ff1-ccf5b80741e5",
              "parentUUID": "bf45ee42-e09c-47e9-844e-cfa066d3c1fa",
              "isHook": false,
              "skipped": false
            }
          ],
          "suites": [],
          "passes": [
            "ffd7c773-f3a0-422d-8ff1-ccf5b80741e5"
          ],
          "failures": [],
          "pending": [],
          "skipped": [],
          "duration": 17840,
          "root": false,
          "rootEmpty": false,
          "_timeout": 2000
        }
      ],
      "passes": [],
      "failures": [],
      "pending": [],
      "skipped": [],
      "duration": 0,
      "root": true,
      "rootEmpty": true,
      "_timeout": 2000
    }
  ],
  "meta": {
    "mocha": {
      "version": "7.2.0"
    },
    "mochawesome": {
      "options": {
        "quiet": false,
        "reportFilename": "mochawesome",
        "saveHtml": true,
        "saveJson": true,
        "consoleReporter": "spec",
        "useInlineDiffs": false,
        "code": true
      },
      "version": "8.0.1"
    },
    "marge": {
      "options": {
        "reportDir": "reports/cypress",
        "overwrite": false,
        "html": true,
        "json": true
      },
      "version": "6.3.2"
    }
  }
}