{
  "stats": {
    "suites": 1,
    "tests": 1,
    "passes": 1,
    "pending": 0,
    "failures": 0,
    "start": "2026-08-14T17:02:57.508Z",
    "end": "2026-08-14T17:03:06.097Z",
    "duration": 8589,
    "testsRegistered": 1,
    "passPercent": 100,
    "pendingPercent": 0,
    "other": 0,
    "hasOther": false,
    "skipped": 0,
    "hasSkipped": false
  },
  "results": [
    {
      "uuid": "3320bca4-f878-4ec1-9ff6-89283d73d9b6",
      "title": "",
      "fullFile": "cypress\\e2e\\req-001_personal-details.cy.ts",
      "file": "cypress\\e2e\\req-001_personal-details.cy.ts",
      "beforeHooks": [],
      "afterHooks": [],
      "tests": [],
      "suites": [
        {
          "uuid": "f2a6f612-dcfd-452f-9012-0ae5d2376cee",
          "title": "REQ-001: Personal Details",
          "fullFile": "",
          "file": "",
          "beforeHooks": [],
          "afterHooks": [],
          "tests": [
            {
              "title": "displays correct personal details for the employee",
              "fullTitle": "REQ-001: Personal Details displays correct personal details for the employee",
              "timedOut": null,
              "duration": 8517,
              "state": "passed",
              "speed": "medium",
              "pass": true,
              "fail": false,
              "pending": false,
              "context": null,
              "code": "cy.contains('.oxd-text', 'Personal Details').should('be.visible');\nmyInfoPage.getFirstName().should('have.value', Cypress.env('NEW_USER_FIRST'));\nmyInfoPage.getMiddleName().should('have.value', Cypress.env('NEW_USER_MIDDLE'));\nmyInfoPage.getLastName().should('have.value', Cypress.env('NEW_USER_LAST'));\nmyInfoPage.getEmployeeId().should('not.have.value', '');",
              "err": {},
              "uuid": "3f83dc31-aee2-4c73-aadf-e2d848e0ac40",
              "parentUUID": "f2a6f612-dcfd-452f-9012-0ae5d2376cee",
              "isHook": false,
              "skipped": false
            }
          ],
          "suites": [],
          "passes": [
            "3f83dc31-aee2-4c73-aadf-e2d848e0ac40"
          ],
          "failures": [],
          "pending": [],
          "skipped": [],
          "duration": 8517,
          "root": false,
          "rootEmpty": false,
          "_timeout": 2000
        }
      ],
      "passes": [],
      "failures": [],
      "pending": [],
      "skipped": [],
      "duration": 0,
      "root": true,
      "rootEmpty": true,
      "_timeout": 2000
    }
  ],
  "meta": {
    "mocha": {
      "version": "7.2.0"
    },
    "mochawesome": {
      "options": {
        "quiet": false,
        "reportFilename": "mochawesome",
        "saveHtml": true,
        "saveJson": true,
        "consoleReporter": "spec",
        "useInlineDiffs": false,
        "code": true
      },
      "version": "8.0.1"
    },
    "marge": {
      "options": {
        "reportDir": "reports/cypress",
        "overwrite": false,
        "html": true,
        "json": true
      },
      "version": "6.3.2"
    }
  }
}